This is LuaHBTeX, Version 1.14.0 (MiKTeX 21.6) (format=lualatex 2021.10.9)  9 OCT 2021 13:00
 system commands enabled.
**./jl_D8QMlq/tikzpicture.tex
(./jl_D8QMlq/tikzpicture.tex
LaTeX2e <2021-06-01>
Lua module: luaotfload 2021-05-21 3.18 Lua based OpenType font support
Lua module: lualibs 2021-05-20 2.74 ConTeXt Lua standard libraries.
Lua module: lualibs-extended 2021-05-20 2.74 ConTeXt Lua libraries -- extended c
ollection.
luaotfload | conf : Root cache directory is "C:/Users/Rubén Bautista/AppData/Lo
cal/MiKTeX/luatex-cache/generic/names".
luaotfload | init : Loading fontloader "fontloader-2021-05-20.lua" from kpse-res
olved path "C:/Users/Rubén Bautista/AppData/Local/Programs/MiKTeX/tex/luatex/lu
aotfload/fontloader-2021-05-20.lua".
Lua-only attribute luaotfload@noligature = 1
Lua-only attribute luaotfload@syllabe = 2
luaotfload | init : Context OpenType loader version 3.116
Inserting `luaotfload.node_processor' at position 1 in `pre_linebreak_filter'.
Inserting `luaotfload.node_processor' at position 1 in `hpack_filter'.
Inserting `luaotfload.glyph_stream' at position 1 in `glyph_stream_provider'.
Inserting `luaotfload.define_font' at position 1 in `define_font'.
Lua-only attribute luaotfload_color_attribute = 3
luaotfload | conf : Root cache directory is "C:/Users/Rubén Bautista/AppData/Lo
cal/MiKTeX/luatex-cache/generic/names".
Inserting `luaotfload.harf.strip_prefix' at position 1 in `find_opentype_file'.
Inserting `luaotfload.harf.strip_prefix' at position 1 in `find_truetype_file'.
Inserting `luaotfload.harf.finalize_vlist' at position 1 in `post_linebreak_filt
er'.
Inserting `luaotfload.harf.finalize_hlist' at position 2 in `hpack_filter'.
Inserting `luaotfload.cleanup_files' at position 1 in `wrapup_run'.
Inserting `luaotfload.harf.finalize_unicode' at position 1 in `finish_pdffile'.
Inserting `luaotfload.glyphinfo' at position 1 in `glyph_info'.
Lua-only attribute luaotfload.letterspace_done = 4
Inserting `luaotfload.aux.set_sscale_dimens' at position 1 in `luaotfload.patch_
font'.
Inserting `luaotfload.aux.set_font_index' at position 2 in `luaotfload.patch_fon
t'.
Inserting `luaotfload.aux.patch_cambria_domh' at position 3 in `luaotfload.patch
_font'.
Inserting `luaotfload.aux.fixup_fontdata' at position 1 in `luaotfload.patch_fon
t_unsafe'.
Inserting `luaotfload.aux.set_capheight' at position 4 in `luaotfload.patch_font
'.
Inserting `luaotfload.aux.set_xheight' at position 5 in `luaotfload.patch_font'.
Inserting `luaotfload.rewrite_fontname' at position 6 in `luaotfload.patch_font'
. L3 programming layer <2021-06-01>
Inserting `tracingstacklevels' at position 1 in `input_level_string'.
("C:/Users/Rubén Bautista/AppData/Local/Programs/MiKTeX/tex/latex/standalone/s
tandalone.cls"
Document Class: standalone 2018/03/26 v1.3a Class to compile TeX sub-files stan
dalone

("C:/Users/Rubén Bautista/AppData/Local/Programs/MiKTeX/tex/latex/tools/shelle
sc.sty"
Package: shellesc 2019/11/08 v1.0c unified shell escape interface for LaTeX
Package shellesc Info: Unrestricted shell escape enabled on input line 75.
)
("C:/Users/Rubén Bautista/AppData/Local/Programs/MiKTeX/tex/generic/iftex/iflu
atex.sty"
Package: ifluatex 2019/10/25 v1.5 ifluatex legacy package. Use iftex instead.

("C:/Users/Rubén Bautista/AppData/Local/Programs/MiKTeX/tex/generic/iftex/ifte
x.sty"
Package: iftex 2020/03/06 v1.0d TeX engine tests
))
("C:/Users/Rubén Bautista/AppData/Local/Programs/MiKTeX/tex/latex/xkeyval/xkey
val.sty"
Package: xkeyval 2020/11/20 v2.8 package option processing (HA)

("C:/Users/Rubén Bautista/AppData/Local/Programs/MiKTeX/tex/generic/xkeyval/xk
eyval.tex"
("C:/Users/Rubén Bautista/AppData/Local/Programs/MiKTeX/tex/generic/xkeyval/xk
vutils.tex"
\XKV@toks=\toks16
\XKV@tempa@toks=\toks17

("C:/Users/Rubén Bautista/AppData/Local/Programs/MiKTeX/tex/generic/xkeyval/ke
yval.tex"))
\XKV@depth=\count179
File: xkeyval.tex 2014/12/03 v2.7a key=value parser (HA)
))
\sa@internal=\count180
\c@sapage=\count181

("C:/Users/Rubén Bautista/AppData/Local/Programs/MiKTeX/tex/latex/standalone/s
tandalone.cfg"
File: standalone.cfg 2018/03/26 v1.3a Default configuration file for 'standalon
e' class
)
("C:/Users/Rubén Bautista/AppData/Local/Programs/MiKTeX/tex/latex/base/article
.cls"
Document Class: article 2021/02/12 v1.4n Standard LaTeX document class

("C:/Users/Rubén Bautista/AppData/Local/Programs/MiKTeX/tex/latex/base/size10.
clo"
File: size10.clo 2021/02/12 v1.4n Standard LaTeX file (size option)
luaotfload | db : Font names database loaded from C:/Users/Rubén Bautista/AppDa
ta/Local/MiKTeX/luatex-cache/generic/names/luaotfload-names.luc)
\c@part=\count182
\c@section=\count183
\c@subsection=\count184
\c@subsubsection=\count185
\c@paragraph=\count186
\c@subparagraph=\count187
\c@figure=\count188
\c@table=\count189
\abovecaptionskip=\skip47
\belowcaptionskip=\skip48
\bibindent=\dimen138
)
("C:/Users/Rubén Bautista/AppData/Local/Programs/MiKTeX/tex/latex/luatex85/lua
tex85.sty"
Package: luatex85 2016/06/15 v1.4 pdftex aliases for luatex
)
("C:/Users/Rubén Bautista/AppData/Local/Programs/MiKTeX/tex/generic/pdftexcmds
/pdftexcmds.sty"
Package: pdftexcmds 2020-06-27 v0.33 Utility functions of pdfTeX for LuaTeX (HO
)

("C:/Users/Rubén Bautista/AppData/Local/Programs/MiKTeX/tex/generic/infwarerr/
infwarerr.sty"
Package: infwarerr 2019/12/03 v1.5 Providing info/warning/error messages (HO)
)
("C:/Users/Rubén Bautista/AppData/Local/Programs/MiKTeX/tex/generic/ltxcmds/lt
xcmds.sty"
Package: ltxcmds 2020-05-10 v1.25 LaTeX kernel commands for general use (HO)
)
Package pdftexcmds Info: \pdf@primitive is available.
Package pdftexcmds Info: \pdf@ifprimitive is available.
Package pdftexcmds Info: \pdfdraftmode found.
\pdftexcmds@toks=\toks18
)
("C:/Users/Rubén Bautista/AppData/Local/Programs/MiKTeX/tex/latex/pgf/frontend
layer/tikz.sty"
("C:/Users/Rubén Bautista/AppData/Local/Programs/MiKTeX/tex/latex/pgf/basiclay
er/pgf.sty"
("C:/Users/Rubén Bautista/AppData/Local/Programs/MiKTeX/tex/latex/pgf/utilitie
s/pgfrcs.sty"
("C:/Users/Rubén Bautista/AppData/Local/Programs/MiKTeX/tex/generic/pgf/utilit
ies/pgfutil-common.tex"
\pgfutil@everybye=\toks19
\pgfutil@tempdima=\dimen139
\pgfutil@tempdimb=\dimen140

("C:/Users/Rubén Bautista/AppData/Local/Programs/MiKTeX/tex/generic/pgf/utilit
ies/pgfutil-common-lists.tex"))
("C:/Users/Rubén Bautista/AppData/Local/Programs/MiKTeX/tex/generic/pgf/utilit
ies/pgfutil-latex.def"
\pgfutil@abb=\box50
)
("C:/Users/Rubén Bautista/AppData/Local/Programs/MiKTeX/tex/generic/pgf/utilit
ies/pgfrcs.code.tex"
("C:/Users/Rubén Bautista/AppData/Local/Programs/MiKTeX/tex/generic/pgf/pgf.re
vision.tex")
Package: pgfrcs 2021/05/15 v3.1.9a (3.1.9a)
))
Package: pgf 2021/05/15 v3.1.9a (3.1.9a)

("C:/Users/Rubén Bautista/AppData/Local/Programs/MiKTeX/tex/latex/pgf/basiclay
er/pgfcore.sty"
("C:/Users/Rubén Bautista/AppData/Local/Programs/MiKTeX/tex/latex/graphics/gra
phicx.sty"
Package: graphicx 2020/12/05 v1.2c Enhanced LaTeX Graphics (DPC,SPQR)

("C:/Users/Rubén Bautista/AppData/Local/Programs/MiKTeX/tex/latex/graphics/gra
phics.sty"
Package: graphics 2021/03/04 v1.4d Standard LaTeX Graphics (DPC,SPQR)

("C:/Users/Rubén Bautista/AppData/Local/Programs/MiKTeX/tex/latex/graphics/tri
g.sty"
Package: trig 2016/01/03 v1.10 sin cos tan (DPC)
)
("C:/Users/Rubén Bautista/AppData/Local/Programs/MiKTeX/tex/latex/graphics-cfg
/graphics.cfg"
File: graphics.cfg 2016/06/04 v1.11 sample graphics configuration
)
Package graphics Info: Driver file: luatex.def on input line 107.

("C:/Users/Rubén Bautista/AppData/Local/Programs/MiKTeX/tex/latex/graphics-def
/luatex.def"
File: luatex.def 2021/06/01 v1.2c Graphics/color driver for luatex
))
\Gin@req@height=\dimen141
\Gin@req@width=\dimen142
)
("C:/Users/Rubén Bautista/AppData/Local/Programs/MiKTeX/tex/latex/pgf/systemla
yer/pgfsys.sty"
("C:/Users/Rubén Bautista/AppData/Local/Programs/MiKTeX/tex/generic/pgf/system
layer/pgfsys.code.tex"
Package: pgfsys 2021/05/15 v3.1.9a (3.1.9a)

("C:/Users/Rubén Bautista/AppData/Local/Programs/MiKTeX/tex/generic/pgf/utilit
ies/pgfkeys.code.tex"
\pgfkeys@pathtoks=\toks20
\pgfkeys@temptoks=\toks21

("C:/Users/Rubén Bautista/AppData/Local/Programs/MiKTeX/tex/generic/pgf/utilit
ies/pgfkeysfiltered.code.tex"
\pgfkeys@tmptoks=\toks22
))
\pgf@x=\dimen143
\pgf@y=\dimen144
\pgf@xa=\dimen145
\pgf@ya=\dimen146
\pgf@xb=\dimen147
\pgf@yb=\dimen148
\pgf@xc=\dimen149
\pgf@yc=\dimen150
\pgf@xd=\dimen151
\pgf@yd=\dimen152
\w@pgf@writea=\write3
\r@pgf@reada=\read2
\c@pgf@counta=\count190
\c@pgf@countb=\count191
\c@pgf@countc=\count192
\c@pgf@countd=\count193
\t@pgf@toka=\toks23
\t@pgf@tokb=\toks24
\t@pgf@tokc=\toks25
\pgf@sys@id@count=\count194

("C:/Users/Rubén Bautista/AppData/Local/Programs/MiKTeX/tex/generic/pgf/system
layer/pgf.cfg"
File: pgf.cfg 2021/05/15 v3.1.9a (3.1.9a)
)
Driver file for pgf: pgfsys-luatex.def

("C:/Users/Rubén Bautista/AppData/Local/Programs/MiKTeX/tex/generic/pgf/system
layer/pgfsys-luatex.def"
File: pgfsys-luatex.def 2021/05/15 v3.1.9a (3.1.9a)

("C:/Users/Rubén Bautista/AppData/Local/Programs/MiKTeX/tex/generic/pgf/system
layer/pgfsys-common-pdf.def"
File: pgfsys-common-pdf.def 2021/05/15 v3.1.9a (3.1.9a)
)))
("C:/Users/Rubén Bautista/AppData/Local/Programs/MiKTeX/tex/generic/pgf/system
layer/pgfsyssoftpath.code.tex"
File: pgfsyssoftpath.code.tex 2021/05/15 v3.1.9a (3.1.9a)
\pgfsyssoftpath@smallbuffer@items=\count195
\pgfsyssoftpath@bigbuffer@items=\count196
)
("C:/Users/Rubén Bautista/AppData/Local/Programs/MiKTeX/tex/generic/pgf/system
layer/pgfsysprotocol.code.tex"
File: pgfsysprotocol.code.tex 2021/05/15 v3.1.9a (3.1.9a)
))
("C:/Users/Rubén Bautista/AppData/Local/Programs/MiKTeX/tex/latex/xcolor/xcolo
r.sty"
Package: xcolor 2016/05/11 v2.12 LaTeX color extensions (UK)

("C:/Users/Rubén Bautista/AppData/Local/Programs/MiKTeX/tex/latex/graphics-cfg
/color.cfg"
File: color.cfg 2016/01/02 v1.6 sample color configuration
)
Package xcolor Info: Driver file: luatex.def on input line 225.
Package xcolor Info: Model `cmy' substituted by `cmy0' on input line 1348.
Package xcolor Info: Model `hsb' substituted by `rgb' on input line 1352.
Package xcolor Info: Model `RGB' extended on input line 1364.
Package xcolor Info: Model `HTML' substituted by `rgb' on input line 1366.
Package xcolor Info: Model `Hsb' substituted by `hsb' on input line 1367.
Package xcolor Info: Model `tHsb' substituted by `hsb' on input line 1368.
Package xcolor Info: Model `HSB' substituted by `hsb' on input line 1369.
Package xcolor Info: Model `Gray' substituted by `gray' on input line 1370.
Package xcolor Info: Model `wave' substituted by `hsb' on input line 1371.
)
("C:/Users/Rubén Bautista/AppData/Local/Programs/MiKTeX/tex/generic/pgf/basicl
ayer/pgfcore.code.tex"
Package: pgfcore 2021/05/15 v3.1.9a (3.1.9a)

("C:/Users/Rubén Bautista/AppData/Local/Programs/MiKTeX/tex/generic/pgf/math/p
gfmath.code.tex"
("C:/Users/Rubén Bautista/AppData/Local/Programs/MiKTeX/tex/generic/pgf/math/p
gfmathcalc.code.tex"
("C:/Users/Rubén Bautista/AppData/Local/Programs/MiKTeX/tex/generic/pgf/math/p
gfmathutil.code.tex")
("C:/Users/Rubén Bautista/AppData/Local/Programs/MiKTeX/tex/generic/pgf/math/p
gfmathparser.code.tex"
\pgfmath@dimen=\dimen153
\pgfmath@count=\count197
\pgfmath@box=\box51
\pgfmath@toks=\toks26
\pgfmath@stack@operand=\toks27
\pgfmath@stack@operation=\toks28
)
("C:/Users/Rubén Bautista/AppData/Local/Programs/MiKTeX/tex/generic/pgf/math/p
gfmathfunctions.code.tex"
("C:/Users/Rubén Bautista/AppData/Local/Programs/MiKTeX/tex/generic/pgf/math/p
gfmathfunctions.basic.code.tex")
("C:/Users/Rubén Bautista/AppData/Local/Programs/MiKTeX/tex/generic/pgf/math/p
gfmathfunctions.trigonometric.code.tex")
("C:/Users/Rubén Bautista/AppData/Local/Programs/MiKTeX/tex/generic/pgf/math/p
gfmathfunctions.random.code.tex")
("C:/Users/Rubén Bautista/AppData/Local/Programs/MiKTeX/tex/generic/pgf/math/p
gfmathfunctions.comparison.code.tex")
("C:/Users/Rubén Bautista/AppData/Local/Programs/MiKTeX/tex/generic/pgf/math/p
gfmathfunctions.base.code.tex")
("C:/Users/Rubén Bautista/AppData/Local/Programs/MiKTeX/tex/generic/pgf/math/p
gfmathfunctions.round.code.tex")
("C:/Users/Rubén Bautista/AppData/Local/Programs/MiKTeX/tex/generic/pgf/math/p
gfmathfunctions.misc.code.tex")
("C:/Users/Rubén Bautista/AppData/Local/Programs/MiKTeX/tex/generic/pgf/math/p
gfmathfunctions.integerarithmetics.code.tex")))
("C:/Users/Rubén Bautista/AppData/Local/Programs/MiKTeX/tex/generic/pgf/math/p
gfmathfloat.code.tex"
\c@pgfmathroundto@lastzeros=\count198
))
("C:/Users/Rubén Bautista/AppData/Local/Programs/MiKTeX/tex/generic/pgf/math/p
gfint.code.tex")
("C:/Users/Rubén Bautista/AppData/Local/Programs/MiKTeX/tex/generic/pgf/basicl
ayer/pgfcorepoints.code.tex"
File: pgfcorepoints.code.tex 2021/05/15 v3.1.9a (3.1.9a)
\pgf@picminx=\dimen154
\pgf@picmaxx=\dimen155
\pgf@picminy=\dimen156
\pgf@picmaxy=\dimen157
\pgf@pathminx=\dimen158
\pgf@pathmaxx=\dimen159
\pgf@pathminy=\dimen160
\pgf@pathmaxy=\dimen161
\pgf@xx=\dimen162
\pgf@xy=\dimen163
\pgf@yx=\dimen164
\pgf@yy=\dimen165
\pgf@zx=\dimen166
\pgf@zy=\dimen167
)
("C:/Users/Rubén Bautista/AppData/Local/Programs/MiKTeX/tex/generic/pgf/basicl
ayer/pgfcorepathconstruct.code.tex"
File: pgfcorepathconstruct.code.tex 2021/05/15 v3.1.9a (3.1.9a)
\pgf@path@lastx=\dimen168
\pgf@path@lasty=\dimen169
)
("C:/Users/Rubén Bautista/AppData/Local/Programs/MiKTeX/tex/generic/pgf/basicl
ayer/pgfcorepathusage.code.tex"
File: pgfcorepathusage.code.tex 2021/05/15 v3.1.9a (3.1.9a)
\pgf@shorten@end@additional=\dimen170
\pgf@shorten@start@additional=\dimen171
)
("C:/Users/Rubén Bautista/AppData/Local/Programs/MiKTeX/tex/generic/pgf/basicl
ayer/pgfcorescopes.code.tex"
File: pgfcorescopes.code.tex 2021/05/15 v3.1.9a (3.1.9a)
\pgfpic=\box52
\pgf@hbox=\box53
\pgf@layerbox@main=\box54
\pgf@picture@serial@count=\count199
)
("C:/Users/Rubén Bautista/AppData/Local/Programs/MiKTeX/tex/generic/pgf/basicl
ayer/pgfcoregraphicstate.code.tex"
File: pgfcoregraphicstate.code.tex 2021/05/15 v3.1.9a (3.1.9a)
\pgflinewidth=\dimen172
)
("C:/Users/Rubén Bautista/AppData/Local/Programs/MiKTeX/tex/generic/pgf/basicl
ayer/pgfcoretransformations.code.tex"
File: pgfcoretransformations.code.tex 2021/05/15 v3.1.9a (3.1.9a)
\pgf@pt@x=\dimen173
\pgf@pt@y=\dimen174
\pgf@pt@temp=\dimen175
)
("C:/Users/Rubén Bautista/AppData/Local/Programs/MiKTeX/tex/generic/pgf/basicl
ayer/pgfcorequick.code.tex"
File: pgfcorequick.code.tex 2021/05/15 v3.1.9a (3.1.9a)
)
("C:/Users/Rubén Bautista/AppData/Local/Programs/MiKTeX/tex/generic/pgf/basicl
ayer/pgfcoreobjects.code.tex"
File: pgfcoreobjects.code.tex 2021/05/15 v3.1.9a (3.1.9a)
)
("C:/Users/Rubén Bautista/AppData/Local/Programs/MiKTeX/tex/generic/pgf/basicl
ayer/pgfcorepathprocessing.code.tex"
File: pgfcorepathprocessing.code.tex 2021/05/15 v3.1.9a (3.1.9a)
)
("C:/Users/Rubén Bautista/AppData/Local/Programs/MiKTeX/tex/generic/pgf/basicl
ayer/pgfcorearrows.code.tex"
File: pgfcorearrows.code.tex 2021/05/15 v3.1.9a (3.1.9a)
\pgfarrowsep=\dimen176
)
("C:/Users/Rubén Bautista/AppData/Local/Programs/MiKTeX/tex/generic/pgf/basicl
ayer/pgfcoreshade.code.tex"
File: pgfcoreshade.code.tex 2021/05/15 v3.1.9a (3.1.9a)
\pgf@max=\dimen177
\pgf@sys@shading@range@num=\count266
\pgf@shadingcount=\count267
)
("C:/Users/Rubén Bautista/AppData/Local/Programs/MiKTeX/tex/generic/pgf/basicl
ayer/pgfcoreimage.code.tex"
File: pgfcoreimage.code.tex 2021/05/15 v3.1.9a (3.1.9a)

("C:/Users/Rubén Bautista/AppData/Local/Programs/MiKTeX/tex/generic/pgf/basicl
ayer/pgfcoreexternal.code.tex"
File: pgfcoreexternal.code.tex 2021/05/15 v3.1.9a (3.1.9a)
\pgfexternal@startupbox=\box55
))
("C:/Users/Rubén Bautista/AppData/Local/Programs/MiKTeX/tex/generic/pgf/basicl
ayer/pgfcorelayers.code.tex"
File: pgfcorelayers.code.tex 2021/05/15 v3.1.9a (3.1.9a)
)
("C:/Users/Rubén Bautista/AppData/Local/Programs/MiKTeX/tex/generic/pgf/basicl
ayer/pgfcoretransparency.code.tex"
File: pgfcoretransparency.code.tex 2021/05/15 v3.1.9a (3.1.9a)
)
("C:/Users/Rubén Bautista/AppData/Local/Programs/MiKTeX/tex/generic/pgf/basicl
ayer/pgfcorepatterns.code.tex"
File: pgfcorepatterns.code.tex 2021/05/15 v3.1.9a (3.1.9a)
)
("C:/Users/Rubén Bautista/AppData/Local/Programs/MiKTeX/tex/generic/pgf/basicl
ayer/pgfcorerdf.code.tex"
File: pgfcorerdf.code.tex 2021/05/15 v3.1.9a (3.1.9a)
)))
("C:/Users/Rubén Bautista/AppData/Local/Programs/MiKTeX/tex/generic/pgf/module
s/pgfmoduleshapes.code.tex"
File: pgfmoduleshapes.code.tex 2021/05/15 v3.1.9a (3.1.9a)
\pgfnodeparttextbox=\box56
)
("C:/Users/Rubén Bautista/AppData/Local/Programs/MiKTeX/tex/generic/pgf/module
s/pgfmoduleplot.code.tex"
File: pgfmoduleplot.code.tex 2021/05/15 v3.1.9a (3.1.9a)
)
("C:/Users/Rubén Bautista/AppData/Local/Programs/MiKTeX/tex/latex/pgf/compatib
ility/pgfcomp-version-0-65.sty"
Package: pgfcomp-version-0-65 2021/05/15 v3.1.9a (3.1.9a)
\pgf@nodesepstart=\dimen178
\pgf@nodesepend=\dimen179
)
("C:/Users/Rubén Bautista/AppData/Local/Programs/MiKTeX/tex/latex/pgf/compatib
ility/pgfcomp-version-1-18.sty"
Package: pgfcomp-version-1-18 2021/05/15 v3.1.9a (3.1.9a)
))
("C:/Users/Rubén Bautista/AppData/Local/Programs/MiKTeX/tex/latex/pgf/utilitie
s/pgffor.sty"
("C:/Users/Rubén Bautista/AppData/Local/Programs/MiKTeX/tex/latex/pgf/utilitie
s/pgfkeys.sty"
("C:/Users/Rubén Bautista/AppData/Local/Programs/MiKTeX/tex/generic/pgf/utilit
ies/pgfkeys.code.tex"))
("C:/Users/Rubén Bautista/AppData/Local/Programs/MiKTeX/tex/latex/pgf/math/pgf
math.sty"
("C:/Users/Rubén Bautista/AppData/Local/Programs/MiKTeX/tex/generic/pgf/math/p
gfmath.code.tex"))
("C:/Users/Rubén Bautista/AppData/Local/Programs/MiKTeX/tex/generic/pgf/utilit
ies/pgffor.code.tex"
Package: pgffor 2021/05/15 v3.1.9a (3.1.9a)

("C:/Users/Rubén Bautista/AppData/Local/Programs/MiKTeX/tex/generic/pgf/math/p
gfmath.code.tex")
\pgffor@iter=\dimen180
\pgffor@skip=\dimen181
\pgffor@stack=\toks29
\pgffor@toks=\toks30
))
("C:/Users/Rubén Bautista/AppData/Local/Programs/MiKTeX/tex/generic/pgf/fronte
ndlayer/tikz/tikz.code.tex"
Package: tikz 2021/05/15 v3.1.9a (3.1.9a)

("C:/Users/Rubén Bautista/AppData/Local/Programs/MiKTeX/tex/generic/pgf/librar
ies/pgflibraryplothandlers.code.tex"
File: pgflibraryplothandlers.code.tex 2021/05/15 v3.1.9a (3.1.9a)
\pgf@plot@mark@count=\count268
\pgfplotmarksize=\dimen182
)
\tikz@lastx=\dimen183
\tikz@lasty=\dimen184
\tikz@lastxsaved=\dimen185
\tikz@lastysaved=\dimen186
\tikz@lastmovetox=\dimen187
\tikz@lastmovetoy=\dimen188
\tikzleveldistance=\dimen189
\tikzsiblingdistance=\dimen190
\tikz@figbox=\box57
\tikz@figbox@bg=\box58
\tikz@tempbox=\box59
\tikz@tempbox@bg=\box60
\tikztreelevel=\count269
\tikznumberofchildren=\count270
\tikznumberofcurrentchild=\count271
\tikz@fig@count=\count272

("C:/Users/Rubén Bautista/AppData/Local/Programs/MiKTeX/tex/generic/pgf/module
s/pgfmodulematrix.code.tex"
File: pgfmodulematrix.code.tex 2021/05/15 v3.1.9a (3.1.9a)
\pgfmatrixcurrentrow=\count273
\pgfmatrixcurrentcolumn=\count274
\pgf@matrix@numberofcolumns=\count275
)
\tikz@expandcount=\count276

("C:/Users/Rubén Bautista/AppData/Local/Programs/MiKTeX/tex/generic/pgf/fronte
ndlayer/tikz/libraries/tikzlibrarytopaths.code.tex"
File: tikzlibrarytopaths.code.tex 2021/05/15 v3.1.9a (3.1.9a)
)))
\sa@box=\box61
)
("C:/Users/Rubén Bautista/AppData/Local/Programs/MiKTeX/tex/latex/fontspec/fon
tspec.sty"
("C:/Users/Rubén Bautista/AppData/Local/Programs/MiKTeX/tex/latex/l3packages/x
parse/xparse.sty"
("C:/Users/Rubén Bautista/AppData/Local/Programs/MiKTeX/tex/latex/l3kernel/exp
l3.sty"
Package: expl3 2021-08-27 L3 programming layer (loader) 
